<?xml version="1.0" encoding="UTF-8"?>
<!-- Generated by org.testng.reporters.JUnitReportReporter -->
<testsuite skipped="0" hostname="Laptop090917A" name="tests.facebook.MercuryTestsLoginPage" tests="1" failures="0" timestamp="06 Mar 2020 01:32:45 GMT" time="17.352" errors="0">
  <testcase name="mercuryLoginTest" time="17.352" classname="tests.facebook.MercuryTestsLoginPage"/>
</testsuite> <!-- tests.facebook.MercuryTestsLoginPage -->
