<?xml version="1.0" encoding="UTF-8"?>
<!-- Generated by org.testng.reporters.JUnitReportReporter -->
<testsuite skipped="0" hostname="Laptop090917A" name="tests.facebook.MercuryTestsContactPage" tests="2" failures="0" timestamp="04 Mar 2020 13:55:58 GMT" time="30.424" errors="0">
  <testcase name="testsContactPage" time="17.349" classname="tests.facebook.MercuryTestsContactPage"/>
  <testcase name="verifyBackToHome" time="13.075" classname="tests.facebook.MercuryTestsContactPage"/>
</testsuite> <!-- tests.facebook.MercuryTestsContactPage -->
