<?xml version="1.0" encoding="UTF-8"?>
<!-- Generated by org.testng.reporters.JUnitReportReporter -->
<testsuite skipped="0" hostname="Laptop090917A" name="tests.facebook.MercuryTestsRegisterPage" tests="1" failures="0" timestamp="08 Apr 2020 09:21:16 GMT" time="21.529" errors="0">
  <testcase name="RegisterUserTest" time="21.529" classname="tests.facebook.MercuryTestsRegisterPage"/>
</testsuite> <!-- tests.facebook.MercuryTestsRegisterPage -->
